# JRE version: OpenJDK Runtime Environment (8.0_152-b01) (build 1.8.0_152-release-915-b01)
# Java VM: OpenJDK 64-Bit Server VM (25.152-b01 mixed mode linux-amd64 compressed oops)
Heap:
 PSYoungGen      total 366080K, used 19428K [0x00000000e0000000, 0x00000000f7880000, 0x0000000100000000)
  eden space 346624K, 0% used [0x00000000e0000000,0x00000000e0000000,0x00000000f5280000)
  from space 19456K, 99% used [0x00000000f5280000,0x00000000f6579150,0x00000000f6580000)
  to   space 11776K, 0% used [0x00000000f6d00000,0x00000000f6d00000,0x00000000f7880000)
 ParOldGen       total 104448K, used 58696K [0x00000000a0000000, 0x00000000a6600000, 0x00000000e0000000)
  object space 104448K, 56% used [0x00000000a0000000,0x00000000a39522b8,0x00000000a6600000)
 Metaspace       used 67942K, capacity 70198K, committed 70488K, reserved 1110016K
  class space    used 8786K, capacity 9300K, committed 9344K, reserved 1048576K
GC Heap History (10 events):
Event: 37.606 GC heap after
Heap after GC invocations=13 (full 2):
 PSYoungGen      total 218624K, used 10242K [0x00000000e0000000, 0x00000000f1a00000, 0x0000000100000000)
  eden space 195072K, 0% used [0x00000000e0000000,0x00000000e0000000,0x00000000ebe80000)
  from space 23552K, 43% used [0x00000000ebe80000,0x00000000ec880990,0x00000000ed580000)
  to   space 22528K, 0% used [0x00000000f0400000,0x00000000f0400000,0x00000000f1a00000)
 ParOldGen       total 54272K, used 51040K [0x00000000a0000000, 0x00000000a3500000, 0x00000000e0000000)
  object space 54272K, 94% used [0x00000000a0000000,0x00000000a31d8320,0x00000000a3500000)
 Metaspace       used 57102K, capacity 58940K, committed 59028K, reserved 1099776K
  class space    used 7696K, capacity 8158K, committed 8192K, reserved 1048576K
}
Event: 37.606 GC heap before
{Heap before GC invocations=14 (full 3):
 PSYoungGen      total 218624K, used 10242K [0x00000000e0000000, 0x00000000f1a00000, 0x0000000100000000)
  eden space 195072K, 0% used [0x00000000e0000000,0x00000000e0000000,0x00000000ebe80000)
  from space 23552K, 43% used [0x00000000ebe80000,0x00000000ec880990,0x00000000ed580000)
  to   space 22528K, 0% used [0x00000000f0400000,0x00000000f0400000,0x00000000f1a00000)
 ParOldGen       total 54272K, used 51040K [0x00000000a0000000, 0x00000000a3500000, 0x00000000e0000000)
  object space 54272K, 94% used [0x00000000a0000000,0x00000000a31d8320,0x00000000a3500000)
 Metaspace       used 57102K, capacity 58940K, committed 59028K, reserved 1099776K
  class space    used 7696K, capacity 8158K, committed 8192K, reserved 1048576K
Event: 37.903 GC heap after
Heap after GC invocations=14 (full 3):
 PSYoungGen      total 218624K, used 0K [0x00000000e0000000, 0x00000000f1a00000, 0x0000000100000000)
  eden space 195072K, 0% used [0x00000000e0000000,0x00000000e0000000,0x00000000ebe80000)
  from space 23552K, 0% used [0x00000000ebe80000,0x00000000ebe80000,0x00000000ed580000)
  to   space 22528K, 0% used [0x00000000f0400000,0x00000000f0400000,0x00000000f1a00000)
 ParOldGen       total 104448K, used 44787K [0x00000000a0000000, 0x00000000a6600000, 0x00000000e0000000)
  object space 104448K, 42% used [0x00000000a0000000,0x00000000a2bbcc60,0x00000000a6600000)
 Metaspace       used 57102K, capacity 58940K, committed 59028K, reserved 1099776K
  class space    used 7696K, capacity 8158K, committed 8192K, reserved 1048576K
}
Event: 42.788 GC heap before
{Heap before GC invocations=15 (full 3):
 PSYoungGen      total 218624K, used 194917K [0x00000000e0000000, 0x00000000f1a00000, 0x0000000100000000)
  eden space 195072K, 99% used [0x00000000e0000000,0x00000000ebe59520,0x00000000ebe80000)
  from space 23552K, 0% used [0x00000000ebe80000,0x00000000ebe80000,0x00000000ed580000)
  to   space 22528K, 0% used [0x00000000f0400000,0x00000000f0400000,0x00000000f1a00000)
 ParOldGen       total 104448K, used 44787K [0x00000000a0000000, 0x00000000a6600000, 0x00000000e0000000)
  object space 104448K, 42% used [0x00000000a0000000,0x00000000a2bbcc60,0x00000000a6600000)
 Metaspace       used 63172K, capacity 65264K, committed 65368K, reserved 1105920K
  class space    used 8347K, capacity 8830K, committed 8832K, reserved 1048576K
Event: 42.804 GC heap after
Heap after GC invocations=15 (full 3):
 PSYoungGen      total 253952K, used 9684K [0x00000000e0000000, 0x00000000f1280000, 0x0000000100000000)
  eden space 239104K, 0% used [0x00000000e0000000,0x00000000e0000000,0x00000000ee980000)
  from space 14848K, 65% used [0x00000000f0400000,0x00000000f0d75040,0x00000000f1280000)
  to   space 20992K, 0% used [0x00000000ee980000,0x00000000ee980000,0x00000000efe00000)
 ParOldGen       total 104448K, used 44803K [0x00000000a0000000, 0x00000000a6600000, 0x00000000e0000000)
  object space 104448K, 42% used [0x00000000a0000000,0x00000000a2bc0c60,0x00000000a6600000)
 Metaspace       used 63172K, capacity 65264K, committed 65368K, reserved 1105920K
  class space    used 8347K, capacity 8830K, committed 8832K, reserved 1048576K
}
Event: 42.863 GC heap before
{Heap before GC invocations=16 (full 3):
 PSYoungGen      total 253952K, used 248409K [0x00000000e0000000, 0x00000000f1280000, 0x0000000100000000)
  eden space 239104K, 99% used [0x00000000e0000000,0x00000000ee921660,0x00000000ee980000)
  from space 14848K, 65% used [0x00000000f0400000,0x00000000f0d75040,0x00000000f1280000)
  to   space 20992K, 0% used [0x00000000ee980000,0x00000000ee980000,0x00000000efe00000)
 ParOldGen       total 104448K, used 44803K [0x00000000a0000000, 0x00000000a6600000, 0x00000000e0000000)
  object space 104448K, 42% used [0x00000000a0000000,0x00000000a2bc0c60,0x00000000a6600000)
 Metaspace       used 63183K, capacity 65264K, committed 65368K, reserved 1105920K
  class space    used 8347K, capacity 8830K, committed 8832K, reserved 1048576K
Event: 42.875 GC heap after
Heap after GC invocations=16 (full 3):
 PSYoungGen      total 260096K, used 8589K [0x00000000e0000000, 0x00000000f8100000, 0x0000000100000000)
  eden space 239104K, 0% used [0x00000000e0000000,0x00000000e0000000,0x00000000ee980000)
  from space 20992K, 40% used [0x00000000ee980000,0x00000000ef1e3738,0x00000000efe00000)
  to   space 20480K, 0% used [0x00000000f6d00000,0x00000000f6d00000,0x00000000f8100000)
 ParOldGen       total 104448K, used 44811K [0x00000000a0000000, 0x00000000a6600000, 0x00000000e0000000)
  object space 104448K, 42% used [0x00000000a0000000,0x00000000a2bc2c60,0x00000000a6600000)
 Metaspace       used 63183K, capacity 65264K, committed 65368K, reserved 1105920K
  class space    used 8347K, capacity 8830K, committed 8832K, reserved 1048576K
}
Event: 50.194 GC heap before
{Heap before GC invocations=17 (full 3):
 PSYoungGen      total 260096K, used 247693K [0x00000000e0000000, 0x00000000f8100000, 0x0000000100000000)
  eden space 239104K, 100% used [0x00000000e0000000,0x00000000ee980000,0x00000000ee980000)
  from space 20992K, 40% used [0x00000000ee980000,0x00000000ef1e3738,0x00000000efe00000)
  to   space 20480K, 0% used [0x00000000f6d00000,0x00000000f6d00000,0x00000000f8100000)
 ParOldGen       total 104448K, used 44811K [0x00000000a0000000, 0x00000000a6600000, 0x00000000e0000000)
  object space 104448K, 42% used [0x00000000a0000000,0x00000000a2bc2c60,0x00000000a6600000)
 Metaspace       used 67346K, capacity 69522K, committed 69720K, reserved 1110016K
  class space    used 8773K, capacity 9268K, committed 9344K, reserved 1048576K
Event: 50.217 GC heap after
Heap after GC invocations=17 (full 3):
 PSYoungGen      total 358400K, used 10759K [0x00000000e0000000, 0x00000000f7880000, 0x0000000100000000)
  eden space 346624K, 0% used [0x00000000e0000000,0x00000000e0000000,0x00000000f5280000)
  from space 11776K, 91% used [0x00000000f6d00000,0x00000000f7781db8,0x00000000f7880000)
  to   space 19456K, 0% used [0x00000000f5280000,0x00000000f5280000,0x00000000f6580000)
 ParOldGen       total 104448K, used 52131K [0x00000000a0000000, 0x00000000a6600000, 0x00000000e0000000)
  object space 104448K, 49% used [0x00000000a0000000,0x00000000a32e8d00,0x00000000a6600000)
 Metaspace       used 67346K, capacity 69522K, committed 69720K, reserved 1110016K
  class space    used 8773K, capacity 9268K, committed 9344K, reserved 1048576K
}
Event: 53.113 GC heap before
{Heap before GC invocations=18 (full 3):
 PSYoungGen      total 358400K, used 357383K [0x00000000e0000000, 0x00000000f7880000, 0x0000000100000000)
  eden space 346624K, 100% used [0x00000000e0000000,0x00000000f5280000,0x00000000f5280000)
  from space 11776K, 91% used [0x00000000f6d00000,0x00000000f7781db8,0x00000000f7880000)
  to   space 19456K, 0% used [0x00000000f5280000,0x00000000f5280000,0x00000000f6580000)
 ParOldGen       total 104448K, used 52131K [0x00000000a0000000, 0x00000000a6600000, 0x00000000e0000000)
  object space 104448K, 49% used [0x00000000a0000000,0x00000000a32e8d00,0x00000000a6600000)
 Metaspace       used 67942K, capacity 70198K, committed 70488K, reserved 1110016K
  class space    used 8786K, capacity 9300K, committed 9344K, reserved 1048576K

