# JRE version: OpenJDK Runtime Environment (8.0_152-b01) (build 1.8.0_152-release-915-b01)
# Java VM: OpenJDK 64-Bit Server VM (25.152-b01 mixed mode linux-amd64 compressed oops)
Heap:
 PSYoungGen      total 273920K, used 9532K [0x00000000e0000000, 0x00000000f2700000, 0x0000000100000000)
  eden space 245760K, 0% used [0x00000000e0000000,0x00000000e0000000,0x00000000ef000000)
  from space 28160K, 33% used [0x00000000ef000000,0x00000000ef94f2d0,0x00000000f0b80000)
  to   space 28160K, 0% used [0x00000000f0b80000,0x00000000f0b80000,0x00000000f2700000)
 ParOldGen       total 119296K, used 79026K [0x00000000a0000000, 0x00000000a7480000, 0x00000000e0000000)
  object space 119296K, 66% used [0x00000000a0000000,0x00000000a4d2cb18,0x00000000a7480000)
 Metaspace       used 72394K, capacity 75388K, committed 75608K, reserved 1114112K
  class space    used 9304K, capacity 9996K, committed 10112K, reserved 1048576K
GC Heap History (10 events):
Event: 118.000 GC heap after
Heap after GC invocations=30 (full 3):
 PSYoungGen      total 210944K, used 13107K [0x00000000e0000000, 0x00000000f0580000, 0x0000000100000000)
  eden space 184832K, 0% used [0x00000000e0000000,0x00000000e0000000,0x00000000eb480000)
  from space 26112K, 50% used [0x00000000eb480000,0x00000000ec14cc08,0x00000000ece00000)
  to   space 26112K, 0% used [0x00000000eec00000,0x00000000eec00000,0x00000000f0580000)
 ParOldGen       total 77312K, used 70725K [0x00000000a0000000, 0x00000000a4b80000, 0x00000000e0000000)
  object space 77312K, 91% used [0x00000000a0000000,0x00000000a4511740,0x00000000a4b80000)
 Metaspace       used 68965K, capacity 71650K, committed 71896K, reserved 1112064K
  class space    used 9004K, capacity 9661K, committed 9728K, reserved 1048576K
}
Event: 118.000 GC heap before
{Heap before GC invocations=31 (full 4):
 PSYoungGen      total 210944K, used 13107K [0x00000000e0000000, 0x00000000f0580000, 0x0000000100000000)
  eden space 184832K, 0% used [0x00000000e0000000,0x00000000e0000000,0x00000000eb480000)
  from space 26112K, 50% used [0x00000000eb480000,0x00000000ec14cc08,0x00000000ece00000)
  to   space 26112K, 0% used [0x00000000eec00000,0x00000000eec00000,0x00000000f0580000)
 ParOldGen       total 77312K, used 70725K [0x00000000a0000000, 0x00000000a4b80000, 0x00000000e0000000)
  object space 77312K, 91% used [0x00000000a0000000,0x00000000a4511740,0x00000000a4b80000)
 Metaspace       used 68965K, capacity 71650K, committed 71896K, reserved 1112064K
  class space    used 9004K, capacity 9661K, committed 9728K, reserved 1048576K
Event: 118.209 GC heap after
Heap after GC invocations=31 (full 4):
 PSYoungGen      total 210944K, used 0K [0x00000000e0000000, 0x00000000f0580000, 0x0000000100000000)
  eden space 184832K, 0% used [0x00000000e0000000,0x00000000e0000000,0x00000000eb480000)
  from space 26112K, 0% used [0x00000000eb480000,0x00000000eb480000,0x00000000ece00000)
  to   space 26112K, 0% used [0x00000000eec00000,0x00000000eec00000,0x00000000f0580000)
 ParOldGen       total 119296K, used 62670K [0x00000000a0000000, 0x00000000a7480000, 0x00000000e0000000)
  object space 119296K, 52% used [0x00000000a0000000,0x00000000a3d33848,0x00000000a7480000)
 Metaspace       used 68960K, capacity 71632K, committed 71896K, reserved 1112064K
  class space    used 9002K, capacity 9658K, committed 9728K, reserved 1048576K
}
Event: 477.804 GC heap before
{Heap before GC invocations=32 (full 4):
 PSYoungGen      total 210944K, used 184832K [0x00000000e0000000, 0x00000000f0580000, 0x0000000100000000)
  eden space 184832K, 100% used [0x00000000e0000000,0x00000000eb480000,0x00000000eb480000)
  from space 26112K, 0% used [0x00000000eb480000,0x00000000eb480000,0x00000000ece00000)
  to   space 26112K, 0% used [0x00000000eec00000,0x00000000eec00000,0x00000000f0580000)
 ParOldGen       total 119296K, used 62670K [0x00000000a0000000, 0x00000000a7480000, 0x00000000e0000000)
  object space 119296K, 52% used [0x00000000a0000000,0x00000000a3d33848,0x00000000a7480000)
 Metaspace       used 71331K, capacity 74216K, committed 74456K, reserved 1114112K
  class space    used 9244K, capacity 9894K, committed 9984K, reserved 1048576K
Event: 477.866 GC heap after
Heap after GC invocations=32 (full 4):
 PSYoungGen      total 237568K, used 7576K [0x00000000e0000000, 0x00000000f0200000, 0x0000000100000000)
  eden space 215040K, 0% used [0x00000000e0000000,0x00000000e0000000,0x00000000ed200000)
  from space 22528K, 33% used [0x00000000eec00000,0x00000000ef366000,0x00000000f0200000)
  to   space 24576K, 0% used [0x00000000ed200000,0x00000000ed200000,0x00000000eea00000)
 ParOldGen       total 119296K, used 62678K [0x00000000a0000000, 0x00000000a7480000, 0x00000000e0000000)
  object space 119296K, 52% used [0x00000000a0000000,0x00000000a3d35848,0x00000000a7480000)
 Metaspace       used 71331K, capacity 74216K, committed 74456K, reserved 1114112K
  class space    used 9244K, capacity 9894K, committed 9984K, reserved 1048576K
}
Event: 496.301 GC heap before
{Heap before GC invocations=33 (full 4):
 PSYoungGen      total 237568K, used 222616K [0x00000000e0000000, 0x00000000f0200000, 0x0000000100000000)
  eden space 215040K, 100% used [0x00000000e0000000,0x00000000ed200000,0x00000000ed200000)
  from space 22528K, 33% used [0x00000000eec00000,0x00000000ef366000,0x00000000f0200000)
  to   space 24576K, 0% used [0x00000000ed200000,0x00000000ed200000,0x00000000eea00000)
 ParOldGen       total 119296K, used 62678K [0x00000000a0000000, 0x00000000a7480000, 0x00000000e0000000)
  object space 119296K, 52% used [0x00000000a0000000,0x00000000a3d35848,0x00000000a7480000)
 Metaspace       used 72319K, capacity 75294K, committed 75608K, reserved 1114112K
  class space    used 9300K, capacity 9991K, committed 10112K, reserved 1048576K
Event: 496.370 GC heap after
Heap after GC invocations=33 (full 4):
 PSYoungGen      total 239616K, used 22796K [0x00000000e0000000, 0x00000000f2700000, 0x0000000100000000)
  eden space 215040K, 0% used [0x00000000e0000000,0x00000000e0000000,0x00000000ed200000)
  from space 24576K, 92% used [0x00000000ed200000,0x00000000ee8431b8,0x00000000eea00000)
  to   space 28160K, 0% used [0x00000000f0b80000,0x00000000f0b80000,0x00000000f2700000)
 ParOldGen       total 119296K, used 79018K [0x00000000a0000000, 0x00000000a7480000, 0x00000000e0000000)
  object space 119296K, 66% used [0x00000000a0000000,0x00000000a4d2ab18,0x00000000a7480000)
 Metaspace       used 72319K, capacity 75294K, committed 75608K, reserved 1114112K
  class space    used 9300K, capacity 9991K, committed 10112K, reserved 1048576K
}
Event: 498.946 GC heap before
{Heap before GC invocations=34 (full 4):
 PSYoungGen      total 239616K, used 237746K [0x00000000e0000000, 0x00000000f2700000, 0x0000000100000000)
  eden space 215040K, 99% used [0x00000000e0000000,0x00000000ed1e98e8,0x00000000ed200000)
  from space 24576K, 92% used [0x00000000ed200000,0x00000000ee8431b8,0x00000000eea00000)
  to   space 28160K, 0% used [0x00000000f0b80000,0x00000000f0b80000,0x00000000f2700000)
 ParOldGen       total 119296K, used 79018K [0x00000000a0000000, 0x00000000a7480000, 0x00000000e0000000)
  object space 119296K, 66% used [0x00000000a0000000,0x00000000a4d2ab18,0x00000000a7480000)
 Metaspace       used 72394K, capacity 75388K, committed 75608K, reserved 1114112K
  class space    used 9304K, capacity 9996K, committed 10112K, reserved 1048576K
Event: 498.976 GC heap after
Heap after GC invocations=34 (full 4):
 PSYoungGen      total 273920K, used 15005K [0x00000000e0000000, 0x00000000f2700000, 0x0000000100000000)
  eden space 245760K, 0% used [0x00000000e0000000,0x00000000e0000000,0x00000000ef000000)
  from space 28160K, 53% used [0x00000000f0b80000,0x00000000f1a275d0,0x00000000f2700000)
  to   space 28160K, 0% used [0x00000000ef000000,0x00000000ef000000,0x00000000f0b80000)
 ParOldGen       total 119296K, used 79026K [0x00000000a0000000, 0x00000000a7480000, 0x00000000e0000000)
  object space 119296K, 66% used [0x00000000a0000000,0x00000000a4d2cb18,0x00000000a7480000)
 Metaspace       used 72394K, capacity 75388K, committed 75608K, reserved 1114112K
  class space    used 9304K, capacity 9996K, committed 10112K, reserved 1048576K
}
Event: 499.085 GC heap before
{Heap before GC invocations=35 (full 4):
 PSYoungGen      total 273920K, used 260476K [0x00000000e0000000, 0x00000000f2700000, 0x0000000100000000)
  eden space 245760K, 99% used [0x00000000e0000000,0x00000000eefb7cf0,0x00000000ef000000)
  from space 28160K, 53% used [0x00000000f0b80000,0x00000000f1a275d0,0x00000000f2700000)
  to   space 28160K, 0% used [0x00000000ef000000,0x00000000ef000000,0x00000000f0b80000)
 ParOldGen       total 119296K, used 79026K [0x00000000a0000000, 0x00000000a7480000, 0x00000000e0000000)
  object space 119296K, 66% used [0x00000000a0000000,0x00000000a4d2cb18,0x00000000a7480000)
 Metaspace       used 72394K, capacity 75388K, committed 75608K, reserved 1114112K
  class space    used 9304K, capacity 9996K, committed 10112K, reserved 1048576K

