# JRE version: OpenJDK Runtime Environment (8.0_152-b01) (build 1.8.0_152-release-915-b01)
# Java VM: OpenJDK 64-Bit Server VM (25.152-b01 mixed mode linux-amd64 compressed oops)
Heap:
 PSYoungGen      total 127488K, used 10217K [0x00000000e0000000, 0x00000000e8b00000, 0x0000000100000000)
  eden space 117248K, 0% used [0x00000000e0000000,0x00000000e0000000,0x00000000e7280000)
  from space 10240K, 99% used [0x00000000e7700000,0x00000000e80fa5f8,0x00000000e8100000)
  to   space 9216K, 0% used [0x00000000e8200000,0x00000000e8200000,0x00000000e8b00000)
 ParOldGen       total 47104K, used 24753K [0x00000000a0000000, 0x00000000a2e00000, 0x00000000e0000000)
  object space 47104K, 52% used [0x00000000a0000000,0x00000000a182c598,0x00000000a2e00000)
 Metaspace       used 53089K, capacity 54634K, committed 54744K, reserved 1095680K
  class space    used 7132K, capacity 7600K, committed 7680K, reserved 1048576K
GC Heap History (10 events):
Event: 10.979 GC heap after
Heap after GC invocations=10 (full 1):
 PSYoungGen      total 68096K, used 6078K [0x00000000e0000000, 0x00000000e6700000, 0x0000000100000000)
  eden space 60416K, 0% used [0x00000000e0000000,0x00000000e0000000,0x00000000e3b00000)
  from space 7680K, 79% used [0x00000000e3b00000,0x00000000e40ef800,0x00000000e4280000)
  to   space 8192K, 0% used [0x00000000e5f00000,0x00000000e5f00000,0x00000000e6700000)
 ParOldGen       total 28160K, used 6896K [0x00000000a0000000, 0x00000000a1b80000, 0x00000000e0000000)
  object space 28160K, 24% used [0x00000000a0000000,0x00000000a06bc2d8,0x00000000a1b80000)
 Metaspace       used 25774K, capacity 26284K, committed 26496K, reserved 1073152K
  class space    used 3511K, capacity 3685K, committed 3712K, reserved 1048576K
}
Event: 13.376 GC heap before
{Heap before GC invocations=11 (full 1):
 PSYoungGen      total 68096K, used 66494K [0x00000000e0000000, 0x00000000e6700000, 0x0000000100000000)
  eden space 60416K, 100% used [0x00000000e0000000,0x00000000e3b00000,0x00000000e3b00000)
  from space 7680K, 79% used [0x00000000e3b00000,0x00000000e40ef800,0x00000000e4280000)
  to   space 8192K, 0% used [0x00000000e5f00000,0x00000000e5f00000,0x00000000e6700000)
 ParOldGen       total 28160K, used 6896K [0x00000000a0000000, 0x00000000a1b80000, 0x00000000e0000000)
  object space 28160K, 24% used [0x00000000a0000000,0x00000000a06bc2d8,0x00000000a1b80000)
 Metaspace       used 30836K, capacity 31496K, committed 31744K, reserved 1077248K
  class space    used 4277K, capacity 4547K, committed 4608K, reserved 1048576K
Event: 13.387 GC heap after
Heap after GC invocations=11 (full 1):
 PSYoungGen      total 95744K, used 8189K [0x00000000e0000000, 0x00000000e6780000, 0x0000000100000000)
  eden space 87552K, 0% used [0x00000000e0000000,0x00000000e0000000,0x00000000e5580000)
  from space 8192K, 99% used [0x00000000e5f00000,0x00000000e66ff758,0x00000000e6700000)
  to   space 9216K, 0% used [0x00000000e5580000,0x00000000e5580000,0x00000000e5e80000)
 ParOldGen       total 28160K, used 7746K [0x00000000a0000000, 0x00000000a1b80000, 0x00000000e0000000)
  object space 28160K, 27% used [0x00000000a0000000,0x00000000a0790a48,0x00000000a1b80000)
 Metaspace       used 30836K, capacity 31496K, committed 31744K, reserved 1077248K
  class space    used 4277K, capacity 4547K, committed 4608K, reserved 1048576K
}
Event: 18.157 GC heap before
{Heap before GC invocations=12 (full 1):
 PSYoungGen      total 95744K, used 86955K [0x00000000e0000000, 0x00000000e6780000, 0x0000000100000000)
  eden space 87552K, 89% used [0x00000000e0000000,0x00000000e4ceb640,0x00000000e5580000)
  from space 8192K, 99% used [0x00000000e5f00000,0x00000000e66ff758,0x00000000e6700000)
  to   space 9216K, 0% used [0x00000000e5580000,0x00000000e5580000,0x00000000e5e80000)
 ParOldGen       total 28160K, used 7746K [0x00000000a0000000, 0x00000000a1b80000, 0x00000000e0000000)
  object space 28160K, 27% used [0x00000000a0000000,0x00000000a0790a48,0x00000000a1b80000)
 Metaspace       used 34649K, capacity 35360K, committed 35416K, reserved 1079296K
  class space    used 4686K, capacity 4960K, committed 4992K, reserved 1048576K
Event: 18.179 GC heap after
Heap after GC invocations=12 (full 1):
 PSYoungGen      total 96768K, used 5418K [0x00000000e0000000, 0x00000000e8b00000, 0x0000000100000000)
  eden space 87552K, 0% used [0x00000000e0000000,0x00000000e0000000,0x00000000e5580000)
  from space 9216K, 58% used [0x00000000e5580000,0x00000000e5acaa98,0x00000000e5e80000)
  to   space 9216K, 0% used [0x00000000e8200000,0x00000000e8200000,0x00000000e8b00000)
 ParOldGen       total 28160K, used 13274K [0x00000000a0000000, 0x00000000a1b80000, 0x00000000e0000000)
  object space 28160K, 47% used [0x00000000a0000000,0x00000000a0cf6b28,0x00000000a1b80000)
 Metaspace       used 34649K, capacity 35360K, committed 35416K, reserved 1079296K
  class space    used 4686K, capacity 4960K, committed 4992K, reserved 1048576K
}
Event: 18.179 GC heap before
{Heap before GC invocations=13 (full 2):
 PSYoungGen      total 96768K, used 5418K [0x00000000e0000000, 0x00000000e8b00000, 0x0000000100000000)
  eden space 87552K, 0% used [0x00000000e0000000,0x00000000e0000000,0x00000000e5580000)
  from space 9216K, 58% used [0x00000000e5580000,0x00000000e5acaa98,0x00000000e5e80000)
  to   space 9216K, 0% used [0x00000000e8200000,0x00000000e8200000,0x00000000e8b00000)
 ParOldGen       total 28160K, used 13274K [0x00000000a0000000, 0x00000000a1b80000, 0x00000000e0000000)
  object space 28160K, 47% used [0x00000000a0000000,0x00000000a0cf6b28,0x00000000a1b80000)
 Metaspace       used 34649K, capacity 35360K, committed 35416K, reserved 1079296K
  class space    used 4686K, capacity 4960K, committed 4992K, reserved 1048576K
Event: 18.316 GC heap after
Heap after GC invocations=13 (full 2):
 PSYoungGen      total 96768K, used 0K [0x00000000e0000000, 0x00000000e8b00000, 0x0000000100000000)
  eden space 87552K, 0% used [0x00000000e0000000,0x00000000e0000000,0x00000000e5580000)
  from space 9216K, 0% used [0x00000000e5580000,0x00000000e5580000,0x00000000e5e80000)
  to   space 9216K, 0% used [0x00000000e8200000,0x00000000e8200000,0x00000000e8b00000)
 ParOldGen       total 47104K, used 17445K [0x00000000a0000000, 0x00000000a2e00000, 0x00000000e0000000)
  object space 47104K, 37% used [0x00000000a0000000,0x00000000a1109510,0x00000000a2e00000)
 Metaspace       used 34626K, capacity 35272K, committed 35416K, reserved 1079296K
  class space    used 4679K, capacity 4952K, committed 4992K, reserved 1048576K
}
Event: 23.460 GC heap before
{Heap before GC invocations=14 (full 2):
 PSYoungGen      total 96768K, used 87552K [0x00000000e0000000, 0x00000000e8b00000, 0x0000000100000000)
  eden space 87552K, 100% used [0x00000000e0000000,0x00000000e5580000,0x00000000e5580000)
  from space 9216K, 0% used [0x00000000e5580000,0x00000000e5580000,0x00000000e5e80000)
  to   space 9216K, 0% used [0x00000000e8200000,0x00000000e8200000,0x00000000e8b00000)
 ParOldGen       total 47104K, used 17445K [0x00000000a0000000, 0x00000000a2e00000, 0x00000000e0000000)
  object space 47104K, 37% used [0x00000000a0000000,0x00000000a1109510,0x00000000a2e00000)
 Metaspace       used 43469K, capacity 44290K, committed 44504K, reserved 1087488K
  class space    used 5763K, capacity 6080K, committed 6144K, reserved 1048576K
Event: 23.471 GC heap after
Heap after GC invocations=14 (full 2):
 PSYoungGen      total 126464K, used 9138K [0x00000000e0000000, 0x00000000e8b00000, 0x0000000100000000)
  eden space 117248K, 0% used [0x00000000e0000000,0x00000000e0000000,0x00000000e7280000)
  from space 9216K, 99% used [0x00000000e8200000,0x00000000e8aec8d0,0x00000000e8b00000)
  to   space 10240K, 0% used [0x00000000e7700000,0x00000000e7700000,0x00000000e8100000)
 ParOldGen       total 47104K, used 17453K [0x00000000a0000000, 0x00000000a2e00000, 0x00000000e0000000)
  object space 47104K, 37% used [0x00000000a0000000,0x00000000a110b510,0x00000000a2e00000)
 Metaspace       used 43469K, capacity 44290K, committed 44504K, reserved 1087488K
  class space    used 5763K, capacity 6080K, committed 6144K, reserved 1048576K
}
Event: 34.992 GC heap before
{Heap before GC invocations=15 (full 2):
 PSYoungGen      total 126464K, used 126386K [0x00000000e0000000, 0x00000000e8b00000, 0x0000000100000000)
  eden space 117248K, 100% used [0x00000000e0000000,0x00000000e7280000,0x00000000e7280000)
  from space 9216K, 99% used [0x00000000e8200000,0x00000000e8aec8d0,0x00000000e8b00000)
  to   space 10240K, 0% used [0x00000000e7700000,0x00000000e7700000,0x00000000e8100000)
 ParOldGen       total 47104K, used 17453K [0x00000000a0000000, 0x00000000a2e00000, 0x00000000e0000000)
  object space 47104K, 37% used [0x00000000a0000000,0x00000000a110b510,0x00000000a2e00000)
 Metaspace       used 53089K, capacity 54634K, committed 54744K, reserved 1095680K
  class space    used 7132K, capacity 7600K, committed 7680K, reserved 1048576K

