# JRE version: OpenJDK Runtime Environment (8.0_152-b01) (build 1.8.0_152-release-915-b01)
# Java VM: OpenJDK 64-Bit Server VM (25.152-b01 mixed mode linux-amd64 compressed oops)
Heap:
 PSYoungGen      total 106496K, used 10725K [0x00000000e0000000, 0x00000000e7580000, 0x0000000100000000)
  eden space 95744K, 0% used [0x00000000e0000000,0x00000000e0000000,0x00000000e5d80000)
  from space 10752K, 99% used [0x00000000e5d80000,0x00000000e67f9608,0x00000000e6800000)
  to   space 7680K, 0% used [0x00000000e6800000,0x00000000e6800000,0x00000000e6f80000)
 ParOldGen       total 50176K, used 30657K [0x00000000a0000000, 0x00000000a3100000, 0x00000000e0000000)
  object space 50176K, 61% used [0x00000000a0000000,0x00000000a1df0710,0x00000000a3100000)
 Metaspace       used 53246K, capacity 54944K, committed 55128K, reserved 1097728K
  class space    used 7316K, capacity 7765K, committed 7808K, reserved 1048576K
GC Heap History (10 events):
Event: 16.594 GC heap after
Heap after GC invocations=14 (full 1):
 PSYoungGen      total 66048K, used 2066K [0x00000000e0000000, 0x00000000e5c80000, 0x0000000100000000)
  eden space 59904K, 0% used [0x00000000e0000000,0x00000000e0000000,0x00000000e3a80000)
  from space 6144K, 33% used [0x00000000e3a80000,0x00000000e3c84b50,0x00000000e4080000)
  to   space 6656K, 0% used [0x00000000e5600000,0x00000000e5600000,0x00000000e5c80000)
 ParOldGen       total 28672K, used 12481K [0x00000000a0000000, 0x00000000a1c00000, 0x00000000e0000000)
  object space 28672K, 43% used [0x00000000a0000000,0x00000000a0c30648,0x00000000a1c00000)
 Metaspace       used 31823K, capacity 32406K, committed 32640K, reserved 1077248K
  class space    used 4370K, capacity 4620K, committed 4736K, reserved 1048576K
}
Event: 17.988 GC heap before
{Heap before GC invocations=15 (full 1):
 PSYoungGen      total 66048K, used 17898K [0x00000000e0000000, 0x00000000e5c80000, 0x0000000100000000)
  eden space 59904K, 26% used [0x00000000e0000000,0x00000000e0f75ef0,0x00000000e3a80000)
  from space 6144K, 33% used [0x00000000e3a80000,0x00000000e3c84b50,0x00000000e4080000)
  to   space 6656K, 0% used [0x00000000e5600000,0x00000000e5600000,0x00000000e5c80000)
 ParOldGen       total 28672K, used 12481K [0x00000000a0000000, 0x00000000a1c00000, 0x00000000e0000000)
  object space 28672K, 43% used [0x00000000a0000000,0x00000000a0c30648,0x00000000a1c00000)
 Metaspace       used 34381K, capacity 35158K, committed 35416K, reserved 1079296K
  class space    used 4697K, capacity 4969K, committed 4992K, reserved 1048576K
Event: 17.994 GC heap after
Heap after GC invocations=15 (full 1):
 PSYoungGen      total 86016K, used 2366K [0x00000000e0000000, 0x00000000e5b80000, 0x0000000100000000)
  eden space 80384K, 0% used [0x00000000e0000000,0x00000000e0000000,0x00000000e4e80000)
  from space 5632K, 42% used [0x00000000e5600000,0x00000000e584f8d0,0x00000000e5b80000)
  to   space 6656K, 0% used [0x00000000e4e80000,0x00000000e4e80000,0x00000000e5500000)
 ParOldGen       total 28672K, used 13877K [0x00000000a0000000, 0x00000000a1c00000, 0x00000000e0000000)
  object space 28672K, 48% used [0x00000000a0000000,0x00000000a0d8d688,0x00000000a1c00000)
 Metaspace       used 34381K, capacity 35158K, committed 35416K, reserved 1079296K
  class space    used 4697K, capacity 4969K, committed 4992K, reserved 1048576K
}
Event: 17.994 GC heap before
{Heap before GC invocations=16 (full 2):
 PSYoungGen      total 86016K, used 2366K [0x00000000e0000000, 0x00000000e5b80000, 0x0000000100000000)
  eden space 80384K, 0% used [0x00000000e0000000,0x00000000e0000000,0x00000000e4e80000)
  from space 5632K, 42% used [0x00000000e5600000,0x00000000e584f8d0,0x00000000e5b80000)
  to   space 6656K, 0% used [0x00000000e4e80000,0x00000000e4e80000,0x00000000e5500000)
 ParOldGen       total 28672K, used 13877K [0x00000000a0000000, 0x00000000a1c00000, 0x00000000e0000000)
  object space 28672K, 48% used [0x00000000a0000000,0x00000000a0d8d688,0x00000000a1c00000)
 Metaspace       used 34381K, capacity 35158K, committed 35416K, reserved 1079296K
  class space    used 4697K, capacity 4969K, committed 4992K, reserved 1048576K
Event: 18.147 GC heap after
Heap after GC invocations=16 (full 2):
 PSYoungGen      total 86016K, used 0K [0x00000000e0000000, 0x00000000e5b80000, 0x0000000100000000)
  eden space 80384K, 0% used [0x00000000e0000000,0x00000000e0000000,0x00000000e4e80000)
  from space 5632K, 0% used [0x00000000e5600000,0x00000000e5600000,0x00000000e5b80000)
  to   space 6656K, 0% used [0x00000000e4e80000,0x00000000e4e80000,0x00000000e5500000)
 ParOldGen       total 50176K, used 15749K [0x00000000a0000000, 0x00000000a3100000, 0x00000000e0000000)
  object space 50176K, 31% used [0x00000000a0000000,0x00000000a0f61420,0x00000000a3100000)
 Metaspace       used 34381K, capacity 35158K, committed 35416K, reserved 1079296K
  class space    used 4697K, capacity 4969K, committed 4992K, reserved 1048576K
}
Event: 22.635 GC heap before
{Heap before GC invocations=17 (full 2):
 PSYoungGen      total 86016K, used 80384K [0x00000000e0000000, 0x00000000e5b80000, 0x0000000100000000)
  eden space 80384K, 100% used [0x00000000e0000000,0x00000000e4e80000,0x00000000e4e80000)
  from space 5632K, 0% used [0x00000000e5600000,0x00000000e5600000,0x00000000e5b80000)
  to   space 6656K, 0% used [0x00000000e4e80000,0x00000000e4e80000,0x00000000e5500000)
 ParOldGen       total 50176K, used 15749K [0x00000000a0000000, 0x00000000a3100000, 0x00000000e0000000)
  object space 50176K, 31% used [0x00000000a0000000,0x00000000a0f61420,0x00000000a3100000)
 Metaspace       used 41134K, capacity 41942K, committed 42200K, reserved 1085440K
  class space    used 5506K, capacity 5832K, committed 5888K, reserved 1048576K
Event: 22.647 GC heap after
Heap after GC invocations=17 (full 2):
 PSYoungGen      total 87040K, used 6634K [0x00000000e0000000, 0x00000000e6f80000, 0x0000000100000000)
  eden space 80384K, 0% used [0x00000000e0000000,0x00000000e0000000,0x00000000e4e80000)
  from space 6656K, 99% used [0x00000000e4e80000,0x00000000e54fa808,0x00000000e5500000)
  to   space 7680K, 0% used [0x00000000e6800000,0x00000000e6800000,0x00000000e6f80000)
 ParOldGen       total 50176K, used 17142K [0x00000000a0000000, 0x00000000a3100000, 0x00000000e0000000)
  object space 50176K, 34% used [0x00000000a0000000,0x00000000a10bda70,0x00000000a3100000)
 Metaspace       used 41134K, capacity 41942K, committed 42200K, reserved 1085440K
  class space    used 5506K, capacity 5832K, committed 5888K, reserved 1048576K
}
Event: 25.516 GC heap before
{Heap before GC invocations=18 (full 2):
 PSYoungGen      total 87040K, used 87018K [0x00000000e0000000, 0x00000000e6f80000, 0x0000000100000000)
  eden space 80384K, 100% used [0x00000000e0000000,0x00000000e4e80000,0x00000000e4e80000)
  from space 6656K, 99% used [0x00000000e4e80000,0x00000000e54fa808,0x00000000e5500000)
  to   space 7680K, 0% used [0x00000000e6800000,0x00000000e6800000,0x00000000e6f80000)
 ParOldGen       total 50176K, used 17142K [0x00000000a0000000, 0x00000000a3100000, 0x00000000e0000000)
  object space 50176K, 34% used [0x00000000a0000000,0x00000000a10bda70,0x00000000a3100000)
 Metaspace       used 47100K, capacity 48174K, committed 48472K, reserved 1091584K
  class space    used 6348K, capacity 6726K, committed 6784K, reserved 1048576K
Event: 25.536 GC heap after
Heap after GC invocations=18 (full 2):
 PSYoungGen      total 103424K, used 7667K [0x00000000e0000000, 0x00000000e7580000, 0x0000000100000000)
  eden space 95744K, 0% used [0x00000000e0000000,0x00000000e0000000,0x00000000e5d80000)
  from space 7680K, 99% used [0x00000000e6800000,0x00000000e6f7cea0,0x00000000e6f80000)
  to   space 10752K, 0% used [0x00000000e5d80000,0x00000000e5d80000,0x00000000e6800000)
 ParOldGen       total 50176K, used 22426K [0x00000000a0000000, 0x00000000a3100000, 0x00000000e0000000)
  object space 50176K, 44% used [0x00000000a0000000,0x00000000a15e6b80,0x00000000a3100000)
 Metaspace       used 47100K, capacity 48174K, committed 48472K, reserved 1091584K
  class space    used 6348K, capacity 6726K, committed 6784K, reserved 1048576K
}
Event: 67.819 GC heap before
{Heap before GC invocations=19 (full 2):
 PSYoungGen      total 103424K, used 103411K [0x00000000e0000000, 0x00000000e7580000, 0x0000000100000000)
  eden space 95744K, 100% used [0x00000000e0000000,0x00000000e5d80000,0x00000000e5d80000)
  from space 7680K, 99% used [0x00000000e6800000,0x00000000e6f7cea0,0x00000000e6f80000)
  to   space 10752K, 0% used [0x00000000e5d80000,0x00000000e5d80000,0x00000000e6800000)
 ParOldGen       total 50176K, used 22426K [0x00000000a0000000, 0x00000000a3100000, 0x00000000e0000000)
  object space 50176K, 44% used [0x00000000a0000000,0x00000000a15e6b80,0x00000000a3100000)
 Metaspace       used 53246K, capacity 54944K, committed 55128K, reserved 1097728K
  class space    used 7316K, capacity 7765K, committed 7808K, reserved 1048576K

